\BOOKMARK [0][-]{section*.4}{\315ndice general}{}% 1
\BOOKMARK [0][-]{section*.6}{\315ndice de cuadros}{}% 2
\BOOKMARK [0][-]{section*.8}{\315ndice de figuras}{}% 3
\BOOKMARK [0][-]{section*.10}{\315ndice de c\363digo}{}% 4
\BOOKMARK [0][-]{chapter.1}{Introducci\363n}{}% 5
\BOOKMARK [0][-]{chapter.2}{Definici\363n de objetivos}{}% 6
\BOOKMARK [0][-]{chapter.3}{An\341lisis de antecedentes y aportaci\363n realizada}{}% 7
\BOOKMARK [1][-]{section.3.1}{An\341lisis de antecedentes}{chapter.3}% 8
\BOOKMARK [2][-]{subsection.3.1.1}{Servicios de c\341lculo de nabos}{section.3.1}% 9
\BOOKMARK [2][-]{subsection.3.1.2}{Servicios de c\341lculo de probabilidades sobre mudanzas}{section.3.1}% 10
\BOOKMARK [2][-]{subsection.3.1.3}{Nook\220s Island}{section.3.1}% 11
\BOOKMARK [1][-]{section.3.2}{Aportaci\363n realizada}{chapter.3}% 12
\BOOKMARK [0][-]{chapter.4}{An\341lisis temporal y costes de desarrollo}{}% 13
\BOOKMARK [1][-]{section.4.1}{An\341lisis temporal}{chapter.4}% 14
\BOOKMARK [2][-]{subsection.4.1.1}{Iteraciones}{section.4.1}% 15
\BOOKMARK [2][-]{subsection.4.1.2}{Estimaci\363n vs Realidad}{section.4.1}% 16
\BOOKMARK [1][-]{section.4.2}{Costes de desarrollo}{chapter.4}% 17
\BOOKMARK [2][-]{subsection.4.2.1}{Costes Directos}{section.4.2}% 18
\BOOKMARK [2][-]{subsection.4.2.2}{Costes Indirectos}{section.4.2}% 19
\BOOKMARK [2][-]{subsection.4.2.3}{Amortizaciones}{section.4.2}% 20
\BOOKMARK [2][-]{subsection.4.2.4}{Total}{section.4.2}% 21
\BOOKMARK [0][-]{chapter.5}{An\341lisis de requisitos y dise\361o}{}% 22
\BOOKMARK [1][-]{section.5.1}{Participantes del proyecto}{chapter.5}% 23
\BOOKMARK [1][-]{section.5.2}{Requisitos}{chapter.5}% 24
\BOOKMARK [2][-]{subsection.5.2.1}{Requisitos de Informaci\363n}{section.5.2}% 25
\BOOKMARK [2][-]{subsection.5.2.2}{Requisitos Funcionales}{section.5.2}% 26
\BOOKMARK [2][-]{subsection.5.2.3}{Requisitos no Funcionales}{section.5.2}% 27
\BOOKMARK [1][-]{section.5.3}{Diagrama de Clases}{chapter.5}% 28
\BOOKMARK [1][-]{section.5.4}{Dise\361o}{chapter.5}% 29
\BOOKMARK [0][-]{chapter.6}{Implementaci\363n}{}% 30
\BOOKMARK [1][-]{section.6.1}{Entorno de desarrollo}{chapter.6}% 31
\BOOKMARK [1][-]{section.6.2}{Tecnolog\355as utilizadas}{chapter.6}% 32
\BOOKMARK [2][-]{subsection.6.2.1}{Angular}{section.6.2}% 33
\BOOKMARK [2][-]{subsection.6.2.2}{XAMPP y Apache}{section.6.2}% 34
\BOOKMARK [2][-]{subsection.6.2.3}{PHP}{section.6.2}% 35
\BOOKMARK [2][-]{subsection.6.2.4}{MariaDB y MySQL}{section.6.2}% 36
\BOOKMARK [2][-]{subsection.6.2.5}{Git}{section.6.2}% 37
\BOOKMARK [1][-]{section.6.3}{Dificultades encontradas y soluciones propuestas}{chapter.6}% 38
\BOOKMARK [2][-]{subsection.6.3.1}{It. 3 - Perfil}{section.6.3}% 39
\BOOKMARK [2][-]{subsection.6.3.2}{It. 3 - Mantener sesiones}{section.6.3}% 40
\BOOKMARK [2][-]{subsection.6.3.3}{It. 3 - Features del perfil}{section.6.3}% 41
\BOOKMARK [2][-]{subsection.6.3.4}{It. 4 - API incompleta}{section.6.3}% 42
\BOOKMARK [0][-]{chapter.7}{Pruebas}{}% 43
\BOOKMARK [0][-]{chapter.8}{Comparaci\363n con otras alternativas}{}% 44
\BOOKMARK [0][-]{chapter.9}{Manual}{}% 45
\BOOKMARK [0][-]{chapter*.11}{Conclusiones y desarrollos futuros}{}% 46
\BOOKMARK [0][-]{chapter*.12}{Ap\351ndices}{}% 47
\BOOKMARK [0][-]{chapter*.13}{Referencias}{}% 48
